[15:22:31] [main/INFO]: Loading Minecraft 1.20.1 with Fabric Loader 0.16.9
[15:22:33] [ForkJoinPool-1-worker-1/WARN]: Mod globalpacks uses the version 1.16.1_fabric which isn't compatible with Loader's extended semantic version format (Could not parse version number component '1_fabric'!), SemVer is recommended for reliably evaluating dependencies and prioritizing newer version
[15:22:35] [ForkJoinPool-1-worker-2/WARN]: Mod tectonic uses the version 2.3.5b which isn't compatible with Loader's extended semantic version format (Could not parse version number component '5b'!), SemVer is recommended for reliably evaluating dependencies and prioritizing newer version
[15:22:36] [ForkJoinPool-1-worker-3/WARN]: Mod com_github_rtyley_animated-gif-lib-for-java uses the version animated-gif-lib-1.7 which isn't compatible with Loader's extended semantic version format (Could not parse version number component 'animated'!), SemVer is recommended for reliably evaluating dependencies and prioritizing newer version
[15:22:36] [ForkJoinPool-1-worker-1/WARN]: Mod mr_dungeons_andtaverns uses the version 3.0.3.f which isn't compatible with Loader's extended semantic version format (Could not parse version number component 'f'!), SemVer is recommended for reliably evaluating dependencies and prioritizing newer version
[15:22:37] [ForkJoinPool-1-worker-4/WARN]: The mod "dungeons_arise" contains invalid entries in its mod json:
- Unsupported root entry "credits" at line 12 column 12
[15:22:37] [main/WARN]: Warnings were found!
 - Mod 'Exposure' (exposure) 1.7.5 recommends version 0.5.1-f or later of create, which is missing!
	 - You should install version 0.5.1-f or later of create for the optimal experience.
 - Mod 'Simply Swords' (simplyswords) 1.55.0-1.20.1 recommends version 1.7.2 or later of bettercombat, which is missing!
	 - You should install version 1.7.2 or later of bettercombat for the optimal experience.
[15:22:37] [main/INFO]: Loading 288 mods:
	- adventurez 1.4.20
	- another_furniture 1.20.1-3.0.1
	- antixray 1.4.6
	   \-- com_moandjiezana_toml_toml4j 0.7.2
	- appleskin 2.5.1+mc1.20
	- aquamirae 6
	- architectury 9.2.14
	- artifacts 9.5.15
	   |-- cardinal-components-base 5.2.2
	   |-- cardinal-components-entity 5.2.2
	   |-- expandability 9.0.4
	   \-- step-height-entity-attribute 1.2.0
	- attributefix 21.0.4
	- backported_wolves 1.1.0-1.19.3-1.20.4
	- balm-fabric 7.0.1
	- beaconoverhaul 1.8.4+1.20
	   \-- reach-entity-attributes 2.4.0
	- bestylewither 1.6.1
	- betterdeserttemples 1.20-Fabric-3.0.3
	   \-- org_reflections_reflections 0.10.2
	- betterdungeons 1.20-Fabric-4.0.4
	- betterendisland 1.20-Fabric-2.0.6
	- betterfortresses 1.20-Fabric-2.0.6
	- betterjungletemples 1.20-Fabric-2.0.5
	- bettermineshafts 1.20-Fabric-4.0.4
	- betteroceanmonuments 1.20-Fabric-3.0.4
	- betterstrongholds 1.20-Fabric-4.0.3
	- bettertrims 2.3.1
	   \-- mixinsquared 0.1.1
	- betterwitchhuts 1.20-Fabric-3.0.3
	- bookshelf 20.2.13
	- bosses_of_mass_destruction 1.7.5-1.20.1
	   |-- maelstrom_library 1.6.1-1.20
	   \-- multipart_entities 1.5-1.20
	- c2me 0.2.0+alpha.11.5
	   |-- c2me-base 0.2.0+alpha.11.5
	   |-- c2me-client-uncapvd 0.2.0+alpha.11.5
	   |-- c2me-fixes-chunkio-threading-issues 0.2.0+alpha.11.5
	   |-- c2me-fixes-general-threading-issues 0.2.0+alpha.11.5
	   |-- c2me-fixes-worldgen-threading-issues 0.2.0+alpha.11.5
	   |-- c2me-fixes-worldgen-vanilla-bugs 0.2.0+alpha.11.5
	   |-- c2me-notickvd 0.2.0+alpha.11.5
	   |-- c2me-opts-allocs 0.2.0+alpha.11.5
	   |-- c2me-opts-chunk-access 0.2.0+alpha.11.5
	   |-- c2me-opts-chunkio 0.2.0+alpha.11.5
	   |-- c2me-opts-math 0.2.0+alpha.11.5
	   |-- c2me-opts-scheduling 0.2.0+alpha.11.5
	   |-- c2me-opts-worldgen-general 0.2.0+alpha.11.5
	   |-- c2me-opts-worldgen-vanilla 0.2.0+alpha.11.5
	   |-- c2me-rewrites-chunk-serializer 0.2.0+alpha.11.5
	   |-- c2me-rewrites-chunkio 0.2.0+alpha.11.5
	   |-- c2me-server-utils 0.2.0+alpha.11.5
	   |-- c2me-threading-chunkio 0.2.0+alpha.11.5
	   |-- c2me-threading-lighting 0.2.0+alpha.11.5
	   |-- c2me-threading-worldgen 0.2.0+alpha.11.5
	   |-- com_electronwill_night-config_core 3.6.5
	   |-- com_electronwill_night-config_toml 3.6.5
	   |-- com_ibm_async_asyncutil 0.1.0
	   |-- net_objecthunter_exp4j 0.4.8
	   \-- org_threadly_threadly 7.0
	- cardinal-components 5.2.2
	   |-- cardinal-components-block 5.2.2
	   |-- cardinal-components-chunk 5.2.2
	   |-- cardinal-components-item 5.2.2
	   |-- cardinal-components-level 5.2.2
	   |-- cardinal-components-scoreboard 5.2.2
	   \-- cardinal-components-world 5.2.2
	- chunkloaders 1.2.8+a
	- chunky 1.3.146
	- cicada 0.8.0+1.20.1
	- cloth-config 11.1.118
	   \-- cloth-basic-math 0.6.1
	- collective 7.84
	- comforts 6.4.0+1.20.1
	   \-- spectrelib 0.13.15+1.20.1
	- complete_bone_meal 2.1.1
	- connectedglass 1.1.11
	- crab 1.0.2
	- creativecore 2.11.30
	   \-- net_minecraftforge_eventbus 6.0.3
	- creeperoverhaul 3.0.2
	- deeperdarker 1.2.6
	   \-- customportalapi 0.0.1-beta64-1.20
	- dried_ghast 1.0.0
	- dungeons_arise 2.1.57
	- dungeons_arise_seven_seas 1.0.2
	- easyanvils 8.0.2
	- easymagic 8.0.1
	- easyshulkerboxes 8.0.2
	   \-- puzzlesapi 8.1.6
	        |-- cardinal-components-base 5.2.2
	        |-- cardinal-components-entity 5.2.2
	        \-- puzzlesaccessapi 8.0.9
	- elytra_vanilla 1.0.0
	- emotecraft 2.2.7-b.build.50
	   \-- bendy-lib 4.0.0
	- entityculling 1.6.6
	- exposure 1.7.5
	- fabric-api 0.92.2+1.20.1
	   |-- fabric-api-base 0.4.31+1802ada577
	   |-- fabric-api-lookup-api-v1 1.6.36+1802ada577
	   |-- fabric-biome-api-v1 13.0.13+1802ada577
	   |-- fabric-block-api-v1 1.0.11+1802ada577
	   |-- fabric-block-view-api-v2 1.0.1+1802ada577
	   |-- fabric-blockrenderlayer-v1 1.1.41+1802ada577
	   |-- fabric-client-tags-api-v1 1.1.2+1802ada577
	   |-- fabric-command-api-v1 1.2.34+f71b366f77
	   |-- fabric-command-api-v2 2.2.13+1802ada577
	   |-- fabric-commands-v0 0.2.51+df3654b377
	   |-- fabric-containers-v0 0.1.64+df3654b377
	   |-- fabric-content-registries-v0 4.0.11+1802ada577
	   |-- fabric-convention-tags-v1 1.5.5+1802ada577
	   |-- fabric-crash-report-info-v1 0.2.19+1802ada577
	   |-- fabric-data-attachment-api-v1 1.0.0+de0fd6d177
	   |-- fabric-data-generation-api-v1 12.3.4+1802ada577
	   |-- fabric-dimensions-v1 2.1.54+1802ada577
	   |-- fabric-entity-events-v1 1.6.0+1c78457f77
	   |-- fabric-events-interaction-v0 0.6.2+1802ada577
	   |-- fabric-events-lifecycle-v0 0.2.63+df3654b377
	   |-- fabric-game-rule-api-v1 1.0.40+1802ada577
	   |-- fabric-item-api-v1 2.1.28+1802ada577
	   |-- fabric-item-group-api-v1 4.0.12+1802ada577
	   |-- fabric-key-binding-api-v1 1.0.37+1802ada577
	   |-- fabric-keybindings-v0 0.2.35+df3654b377
	   |-- fabric-lifecycle-events-v1 2.2.22+1802ada577
	   |-- fabric-loot-api-v2 1.2.1+1802ada577
	   |-- fabric-loot-tables-v1 1.1.45+9e7660c677
	   |-- fabric-message-api-v1 5.1.9+1802ada577
	   |-- fabric-mining-level-api-v1 2.1.50+1802ada577
	   |-- fabric-model-loading-api-v1 1.0.3+1802ada577
	   |-- fabric-models-v0 0.4.2+9386d8a777
	   |-- fabric-networking-api-v1 1.3.11+1802ada577
	   |-- fabric-networking-v0 0.3.51+df3654b377
	   |-- fabric-object-builder-api-v1 11.1.3+1802ada577
	   |-- fabric-particles-v1 1.1.2+1802ada577
	   |-- fabric-recipe-api-v1 1.0.21+1802ada577
	   |-- fabric-registry-sync-v0 2.3.3+1802ada577
	   |-- fabric-renderer-api-v1 3.2.1+1802ada577
	   |-- fabric-renderer-indigo 1.5.2+85287f9f77
	   |-- fabric-renderer-registries-v1 3.2.46+df3654b377
	   |-- fabric-rendering-data-attachment-v1 0.3.37+92a0d36777
	   |-- fabric-rendering-fluids-v1 3.0.28+1802ada577
	   |-- fabric-rendering-v0 1.1.49+df3654b377
	   |-- fabric-rendering-v1 3.0.8+1802ada577
	   |-- fabric-resource-conditions-api-v1 2.3.8+1802ada577
	   |-- fabric-resource-loader-v0 0.11.10+1802ada577
	   |-- fabric-screen-api-v1 2.0.8+1802ada577
	   |-- fabric-screen-handler-api-v1 1.3.30+1802ada577
	   |-- fabric-sound-api-v1 1.0.13+1802ada577
	   |-- fabric-transfer-api-v1 3.3.5+8dd72ea377
	   \-- fabric-transitive-access-wideners-v1 4.3.1+1802ada577
	- fabric-language-kotlin 1.11.0+kotlin.2.0.0
	   |-- org_jetbrains_kotlin_kotlin-reflect 2.0.0
	   |-- org_jetbrains_kotlin_kotlin-stdlib 2.0.0
	   |-- org_jetbrains_kotlin_kotlin-stdlib-jdk7 2.0.0
	   |-- org_jetbrains_kotlin_kotlin-stdlib-jdk8 2.0.0
	   |-- org_jetbrains_kotlinx_atomicfu-jvm 0.24.0
	   |-- org_jetbrains_kotlinx_kotlinx-coroutines-core-jvm 1.8.1
	   |-- org_jetbrains_kotlinx_kotlinx-coroutines-jdk8 1.8.1
	   |-- org_jetbrains_kotlinx_kotlinx-datetime-jvm 0.6.0
	   |-- org_jetbrains_kotlinx_kotlinx-serialization-cbor-jvm 1.6.3
	   |-- org_jetbrains_kotlinx_kotlinx-serialization-core-jvm 1.6.3
	   \-- org_jetbrains_kotlinx_kotlinx-serialization-json-jvm 1.6.3
	- fabricloader 0.16.9
	   \-- mixinextras 0.4.1
	- fancymenu 3.2.3
	   |-- com_github_keksuccino_japng 0.5.3
	   \-- com_github_rtyley_animated-gif-lib-for-java animated-gif-lib-1.7
	- ferritecore 6.0.1
	- forgeconfigapiport 8.0.0
	- friendsandfoes 2.0.16
	- fusion 1.1.1
	- geckolib 4.4.6
	   \-- com_eliotlash_mclib_mclib 20
	- globalpacks 1.16.1_fabric
	- gnomemod 1.0.1
	- graveyard 3.0
	- guiclock 4.6
	- guicompass 4.8
	- hangglider 8.0.1
	- iceberg 1.1.18
	- immersive_melodies 0.3.0+1.20.1
	- incendium 5.3.5
	- inventorymanagement 1.3.1
	- jamlib 0.6.1+1.20.x
	- java 17
	- jupiter 0.5
	- keybind_fix 1.0.0
	- konkrete 1.8.1
	- lazydfu 0.1.3
	- lithium 0.11.2
	- maced 1.0.0
	- melody 1.0.3
	- memoryleakfix 1.1.5
	- midnightlib 1.4.1
	- minecraft 1.20.1
	- mobcaptains 3.1.1
	- moonlight 1.20-2.11.37
	- morebows 1.0.11+1.20.x
	- mr_dungeons_andtaverns 3.0.3.f
	- mr_dungeons_andtavernsstrongholdrework 1
	- mr_remove_terralithintromessage 1.0
	- mr_true_ending 1-v1.1.0c
	- mysticaloaktree 1.20-1.11
	- naturalist 4.0.3
	- netherportalspread 8.3
	- niftycarts 3.0.2+1.20.1
	- noisium 2.2.2+mc1.20-1.20.1
	- notenoughanimations 1.10.0
	   |-- transition 1.0.2
	   \-- trender 1.0.4
	- notenoughcrashes 4.4.7+1.20.1
	- nullscape 1.2.7
	- nyfsspiders 2.1.1
	- obscure_api 16
	- owo 0.11.2+1.20
	   \-- blue_endless_jankson 1.2.2
	- patchouli 1.20.1-84-FABRIC
	   \-- fiber 0.23.0-2
	- pickupnotifier 8.0.0
	- plasmovoice 2.1.5
	   \-- fabric-permissions-api-v0 0.2-SNAPSHOT
	- player-animator 1.0.2-rc1+1.20
	- plushies 1.4.0
	- purecoppertools 1.0.1
	- puzzleslib 8.1.20
	- radiantgear 2.1.6+1.20.1
	- reframed 1.6.6
	- resourcefulconfig 2.1.2
	- resourcefullib 2.1.25
	   |-- com_teamresourceful_bytecodecs 1.0.2
	   \-- com_teamresourceful_yabn 1.0.3
	- ribbits 1.20.1-Fabric-3.0.0
	- rightclickharvest 3.2.3+1.19.x-1.20.1-fabric
	- roughlyenoughitems 12.1.725
	   \-- error_notifier 1.0.9
	- sawmill 1.20-1.4.3
	- simplyswords 1.55.0-1.20.1
	   \-- spruceui 5.0.0+1.20
	- skinrestorer 2.3.5+1.20-fabric
	   \-- org_mineskin_java-client 3.0.6-SNAPSHOT
	- smartbrainlib 1.14
	- snuffles 1.0.0+1.20
	- sophisticatedbackpacks 1.20.1-3.23.4.4.105
	- sophisticatedcore 1.20.1-1.2.7.7.156
	   |-- porting_lib_extensions 2.3.2+1.20.1
	   |    |-- porting_lib_accessors 2.3.2+1.20.1
	   |    |-- porting_lib_attributes 2.3.2+1.20.1
	   |    |-- porting_lib_common 2.3.2+1.20.1
	   |    |-- porting_lib_core 2.3.2+1.20.1
	   |    \-- reach-entity-attributes 2.4.0
	   |-- porting_lib_fluids 2.3.2+1.20.1
	   |    \-- porting_lib_core 2.3.2+1.20.1
	   |-- porting_lib_loot 2.3.2+1.20.1
	   |    |-- porting_lib_core 2.3.2+1.20.1
	   |    \-- porting_lib_lazy_registration 2.3.2+1.20.1
	   |-- porting_lib_model_loader 2.3.2+1.20.1
	   |    \-- porting_lib_core 2.3.2+1.20.1
	   |-- porting_lib_networking 2.3.2+1.20.1
	   |    \-- porting_lib_core 2.3.2+1.20.1
	   |-- porting_lib_tool_actions 2.3.2+1.20.1
	   |    \-- porting_lib_core 2.3.2+1.20.1
	   |-- porting_lib_transfer 2.3.2+1.20.1
	   |    \-- porting_lib_core 2.3.2+1.20.1
	   \-- team_reborn_energy 3.0.0
	- sound_physics_remastered 1.20.1-1.4.5
	- spawnermod 1.2.6
	- strawdummy 1.9.0
	- supermartijn642configlib 1.1.8+a
	- supermartijn642corelib 1.1.17
	- tectonic 2.3.5b
	- terralith 2.5.4
	- the_bumblezone 7.4.16+1.20.1-fabric
	   |-- athena 3.1.1
	   \-- noindium 1.1.0+1.20
	- torchesntrinkets 0.2-1.20.1-4
	- trashslot 15.1.2
	- trimmable_tools 1.0.6
	- trinkets 3.7.2
	- universal-graves 3.0.3+1.20.1
	   |-- common-protection-api 1.0.0
	   |-- fabric-permissions-api-v0 0.2-SNAPSHOT
	   |-- placeholder-api 2.1.3+1.20.1
	   |-- polymer-core 0.5.19+1.20.1
	   |    |-- polymer-networking 0.5.19+1.20.1
	   |    |    \-- polymer-common 0.5.19+1.20.1
	   |    |         \-- packet_tweaker 0.4.0+1.19.4
	   |    \-- polymer-registry-sync-manipulator 0.5.19+1.20.1
	   |-- polymer-resource-pack 0.5.19+1.20.1
	   |    \-- polymer-common 0.5.19+1.20.1
	   |         \-- packet_tweaker 0.4.0+1.19.4
	   |-- polymer-virtual-entity 0.5.19+1.20.1
	   |    \-- polymer-common 0.5.19+1.20.1
	   |         \-- packet_tweaker 0.4.0+1.19.4
	   |-- predicate-api 0.2.1+1.20.1
	   |-- server_translations_api 2.0.0+1.20
	   |    \-- packet_tweaker 0.4.0+1.19.4
	   \-- sgui 1.2.2+1.20
	- uranus 1.6.1
	- voidz 1.0.11
	- watching 1.9.2
	- waveycapes 1.4.8
	- waystones 14.0.2
	- weaponmaster_ydm 4.2.3
	- wolf_port 1.0.3-1.20.1
	- xaerominimap 25.2.6
	- xaeroworldmap 1.39.9
	- yet_another_config_lib_v3 3.5.0+1.20.1-fabric
	   |-- com_twelvemonkeys_common_common-image 3.10.0
	   |-- com_twelvemonkeys_common_common-io 3.10.0
	   |-- com_twelvemonkeys_common_common-lang 3.10.0
	   |-- com_twelvemonkeys_imageio_imageio-core 3.10.0
	   |-- com_twelvemonkeys_imageio_imageio-metadata 3.10.0
	   |-- com_twelvemonkeys_imageio_imageio-webp 3.10.0
	   |-- org_quiltmc_parsers_gson 0.2.1
	   \-- org_quiltmc_parsers_json 0.2.1
	- yungsapi 1.20-Fabric-4.0.5
	   \-- org_javassist_javassist 3.29.2-GA
	- yungsbridges 1.20-Fabric-4.0.3
	- yungsextras 1.20-Fabric-4.0.3
[15:22:38] [main/INFO]: SpongePowered MIXIN Subsystem Version=0.8.7 Source=file:/workspaces/SKIBIDICHAMOS/servidor_minecraft/libraries/net/fabricmc/sponge-mixin/0.15.4+mixin.0.8.7/sponge-mixin-0.15.4+mixin.0.8.7.jar Service=Knot/Fabric Env=SERVER
[15:22:38] [main/INFO]: Compatibility level set to JAVA_17
[15:22:39] [main/INFO]: Initializing com.ishland.c2me.base.mixin
[15:22:39] [main/INFO]: Initializing com.ishland.c2me.fixes.chunkio.threading_issues.mixin
[15:22:39] [main/INFO]: Initializing com.ishland.c2me.fixes.general.threading_issues.mixin
[15:22:39] [main/INFO]: Initializing com.ishland.c2me.fixes.worldgen.threading_issues.mixin
[15:22:39] [main/INFO]: Initializing com.ishland.c2me.fixes.worldgen.vanilla_bugs.mixin
[15:22:39] [main/INFO]: Initializing com.ishland.c2me.notickvd.mixin
[15:22:39] [main/INFO]: Initializing com.ishland.c2me.opts.allocs.mixin
[15:22:39] [main/INFO]: Initializing com.ishland.c2me.opts.chunk_access.mixin
[15:22:39] [main/INFO]: Initializing com.ishland.c2me.opts.chunkio.mixin
[15:22:39] [main/INFO]: Initializing com.ishland.c2me.opts.math.mixin
[15:22:39] [main/INFO]: Initializing com.ishland.c2me.opts.scheduling.mixin
[15:22:39] [main/INFO]: Initializing com.ishland.c2me.opts.worldgen.general.mixin
[15:22:39] [main/INFO]: Initializing com.ishland.c2me.opts.worldgen.vanilla.mixin
[15:22:39] [main/INFO]: Initializing com.ishland.c2me.rewrites.chunk_serializer.mixin
[15:22:39] [main/INFO]: Disabling config ioSystem.gcFreeChunkSerializer: Incompatible with architectury@9.2.14 (*) (defined in c2me)
[15:22:39] [main/INFO]: Disabling com.ishland.c2me.rewrites.chunk_serializer.mixin
[15:22:39] [main/INFO]: Initializing com.ishland.c2me.rewrites.chunkio.mixin
[15:22:39] [main/INFO]: Disabling com.ishland.c2me.rewrites.chunkio.mixin
[15:22:39] [main/INFO]: Initializing com.ishland.c2me.server.utils.mixin
[15:22:39] [main/INFO]: Initializing com.ishland.c2me.threading.chunkio.mixin
[15:22:39] [main/INFO]: Initializing com.ishland.c2me.threading.lighting.mixin
[15:22:39] [main/INFO]: Initializing com.ishland.c2me.threading.worldgen.mixin
[15:22:39] [main/INFO]: Disabling com.ishland.c2me.threading.worldgen.mixin
[15:22:39] [main/WARN]: Reference map 'connectedglass.mixins.refmap.json' for connectedglass.mixins.json could not be read. If this is a development environment you can ignore this message
[15:22:39] [main/WARN]: Reference map 'graveyard-FABRIC-fabric-refmap.json' for graveyard-fabric.mixins.json could not be read. If this is a development environment you can ignore this message
[15:22:39] [main/INFO]: Loaded configuration file for Lithium: 115 options available, 3 override(s) found
[15:22:39] [main/WARN]: Reference map 'memoryleakfix-fabric-1.17+-fabric-refmap.json' for memoryleakfix-fabric.mixins.json could not be read. If this is a development environment you can ignore this message
[15:22:39] [main/WARN]: Reference map 'mysticaloaktree-fabric-refmap.json' for mysticaloaktree.mixins.json could not be read. If this is a development environment you can ignore this message
[15:22:39] [main/WARN]: Reference map 'mysticaloaktree-common-refmap.json' for mysticaloaktree-common.mixins.json could not be read. If this is a development environment you can ignore this message
[15:22:39] [main/WARN]: Reference map 'simplyswords-fabric-refmap.json' for simplyswords.mixins.json could not be read. If this is a development environment you can ignore this message
[15:22:39] [main/WARN]: Reference map 'supermartijn642configlib.mixins.refmap.json' for supermartijn642configlib.mixins.json could not be read. If this is a development environment you can ignore this message
[15:22:39] [main/WARN]: Reference map 'yungsextras.refmap.json' for yungsextras.mixins.json could not be read. If this is a development environment you can ignore this message
[15:22:39] [main/WARN]: Reference map 'yungsextras.refmap.json' for yungsextras_fabric.mixins.json could not be read. If this is a development environment you can ignore this message
[15:22:39] [main/WARN]: Error loading class: net/minecraft/class_906 (java.lang.ClassNotFoundException: net/minecraft/class_906)
[15:22:39] [main/WARN]: @Mixin target net.minecraft.class_906 was not found porting_lib_tool_actions.mixins.json:FishingHookRendererMixin from mod porting_lib_tool_actions
[15:22:40] [main/WARN]: Error loading class: net/minecraft/class_636 (java.lang.ClassNotFoundException: net/minecraft/class_636)
[15:22:40] [main/WARN]: @Mixin target net.minecraft.class_636 was not found crab.mixins.json:ClientPlayerInteractionManagerMixin from mod crab
[15:22:40] [main/WARN]: Error loading class: net/minecraft/class_465 (java.lang.ClassNotFoundException: net/minecraft/class_465)
[15:22:40] [main/WARN]: @Mixin target net.minecraft.class_465 was not found creativecore.fabric.mixins.json:AbstractContainerScreenMixin from mod creativecore
[15:22:40] [main/WARN]: Force-disabling mixin 'ai.task.memory_change_counting.BrainMixin' as rule 'mixin.ai.task.memory_change_counting' (added by mods [smartbrainlib]) disables it and children
[15:22:40] [main/WARN]: Force-disabling mixin 'ai.task.memory_change_counting.MultiTickTaskMixin' as rule 'mixin.ai.task.memory_change_counting' (added by mods [smartbrainlib]) disables it and children
[15:22:40] [main/WARN]: Force-disabling mixin 'alloc.blockstate.StateMixin' as rule 'mixin.alloc.blockstate' (added by mods [ferritecore]) disables it and children
[15:22:40] [main/WARN]: Force-disabling mixin 'world.player_chunk_tick.ThreadedAnvilChunkStorageMixin' as rule 'mixin.world.player_chunk_tick' (added by mods [c2me]) disables it and children
[15:22:40] [main/WARN]: Error loading class: net/coderbot/iris/Iris (java.lang.ClassNotFoundException: net/coderbot/iris/Iris)
[15:22:40] [main/WARN]: @Mixin target net.coderbot.iris.Iris was not found notenoughcrashes.fabric.mixins.json:iris.SilentNEC from mod notenoughcrashes
[15:22:40] [main/WARN]: Error loading class: fr/catcore/server/translations/api/resource/language/SystemDelegatedLanguage (java.lang.ClassNotFoundException: fr/catcore/server/translations/api/resource/language/SystemDelegatedLanguage)
[15:22:41] [main/WARN]: Error loading class: com/simibubi/create/content/kinetics/base/BlockBreakingKineticBlockEntity (java.lang.ClassNotFoundException: com/simibubi/create/content/kinetics/base/BlockBreakingKineticBlockEntity)
[15:22:41] [main/INFO]: [MemoryLeakFix] Will be applying 1 memory leak fixes!
[15:22:41] [main/INFO]: [MemoryLeakFix] Currently enabled memory leak fixes: [biomeTemperatureLeak]
[15:22:41] [main/WARN]: Error loading class: net/minecraft/class_8609 (java.lang.ClassNotFoundException: net/minecraft/class_8609)
[15:22:41] [main/ERROR]: crab.mixins.json:ServerPlayNetworkHandlerMixin from mod crab: Super class 'net.minecraft.class_8609' of ServerPlayNetworkHandlerMixin was not found in the hierarchy of target class 'net/minecraft/class_3244'
org.spongepowered.asm.mixin.transformer.throwables.InvalidMixinException: Super class 'net.minecraft.class_8609' of ServerPlayNetworkHandlerMixin was not found in the hierarchy of target class 'net/minecraft/class_3244'
	at org.spongepowered.asm.mixin.transformer.MixinInfo$SubType$Standard.validate(MixinInfo.java:593) ~[sponge-mixin-0.15.4+mixin.0.8.7.jar:0.15.4+mixin.0.8.7]
	at org.spongepowered.asm.mixin.transformer.MixinInfo$State.validate(MixinInfo.java:327) ~[sponge-mixin-0.15.4+mixin.0.8.7.jar:0.15.4+mixin.0.8.7]
	at org.spongepowered.asm.mixin.transformer.MixinInfo.validate(MixinInfo.java:913) ~[sponge-mixin-0.15.4+mixin.0.8.7.jar:0.15.4+mixin.0.8.7]
	at org.spongepowered.asm.mixin.transformer.MixinConfig.postInitialise(MixinConfig.java:884) ~[sponge-mixin-0.15.4+mixin.0.8.7.jar:0.15.4+mixin.0.8.7]
	at org.spongepowered.asm.mixin.transformer.MixinProcessor.prepareConfigs(MixinProcessor.java:568) ~[sponge-mixin-0.15.4+mixin.0.8.7.jar:0.15.4+mixin.0.8.7]
	at org.spongepowered.asm.mixin.transformer.MixinProcessor.select(MixinProcessor.java:462) ~[sponge-mixin-0.15.4+mixin.0.8.7.jar:0.15.4+mixin.0.8.7]
	at org.spongepowered.asm.mixin.transformer.MixinProcessor.checkSelect(MixinProcessor.java:438) ~[sponge-mixin-0.15.4+mixin.0.8.7.jar:0.15.4+mixin.0.8.7]
	at org.spongepowered.asm.mixin.transformer.MixinProcessor.applyMixins(MixinProcessor.java:290) ~[sponge-mixin-0.15.4+mixin.0.8.7.jar:0.15.4+mixin.0.8.7]
	at org.spongepowered.asm.mixin.transformer.MixinTransformer.transformClass(MixinTransformer.java:234) ~[sponge-mixin-0.15.4+mixin.0.8.7.jar:0.15.4+mixin.0.8.7]
	at org.spongepowered.asm.mixin.transformer.MixinTransformer.transformClassBytes(MixinTransformer.java:202) ~[sponge-mixin-0.15.4+mixin.0.8.7.jar:0.15.4+mixin.0.8.7]
	at net.fabricmc.loader.impl.launch.knot.KnotClassDelegate.getPostMixinClassByteArray(KnotClassDelegate.java:422) ~[fabric-loader-0.16.9.jar:?]
	at net.fabricmc.loader.impl.launch.knot.KnotClassDelegate.tryLoadClass(KnotClassDelegate.java:323) ~[fabric-loader-0.16.9.jar:?]
	at net.fabricmc.loader.impl.launch.knot.KnotClassDelegate.loadClass(KnotClassDelegate.java:218) ~[fabric-loader-0.16.9.jar:?]
	at net.fabricmc.loader.impl.launch.knot.KnotClassLoader.loadClass(KnotClassLoader.java:119) ~[fabric-loader-0.16.9.jar:?]
	at java.lang.ClassLoader.loadClass(ClassLoader.java:525) ~[?:?]
	at java.lang.Class.forName0(Native Method) ~[?:?]
	at java.lang.Class.forName(Class.java:467) ~[?:?]
	at net.fabricmc.loader.impl.util.DefaultLanguageAdapter.create(DefaultLanguageAdapter.java:50) ~[fabric-loader-0.16.9.jar:?]
	at net.fabricmc.loader.impl.entrypoint.EntrypointStorage$NewEntry.getOrCreate(EntrypointStorage.java:124) ~[fabric-loader-0.16.9.jar:?]
	at net.fabricmc.loader.impl.entrypoint.EntrypointContainerImpl.getEntrypoint(EntrypointContainerImpl.java:53) ~[fabric-loader-0.16.9.jar:?]
	at net.fabricmc.loader.impl.FabricLoaderImpl.invokeEntrypoints(FabricLoaderImpl.java:399) ~[fabric-loader-0.16.9.jar:?]
	at net.fabricmc.loader.impl.launch.knot.Knot.init(Knot.java:160) ~[fabric-loader-0.16.9.jar:?]
	at net.fabricmc.loader.impl.launch.knot.Knot.launch(Knot.java:68) ~[fabric-loader-0.16.9.jar:?]
	at net.fabricmc.loader.impl.launch.knot.KnotServer.main(KnotServer.java:23) ~[fabric-loader-0.16.9.jar:?]
	at net.fabricmc.loader.impl.launch.server.FabricServerLauncher.main(FabricServerLauncher.java:69) ~[fabric-loader-0.16.9.jar:?]
	at net.fabricmc.installer.ServerLauncher.main(ServerLauncher.java:69) ~[fabric-server-launch.jar:1.0.1]
[15:22:41] [main/INFO]: Loaded local config
[15:22:41] [main/INFO]: Loaded server config
[15:22:41] [main/INFO]: Initializing MixinExtras via com.llamalad7.mixinextras.service.MixinExtrasServiceImpl(version=0.4.1).
[15:22:49] [main/ERROR]: No data fixer registered for deeperdarker:boat
[15:22:49] [main/ERROR]: No data fixer registered for deeperdarker:chest_boat
[15:22:49] [main/ERROR]: No data fixer registered for deeperdarker:sculk_centipede
[15:22:49] [main/ERROR]: No data fixer registered for deeperdarker:sculk_leech
[15:22:49] [main/ERROR]: No data fixer registered for deeperdarker:sculk_snapper
[15:22:49] [main/ERROR]: No data fixer registered for deeperdarker:shattered
[15:22:49] [main/ERROR]: No data fixer registered for deeperdarker:shriek_worm
[15:22:49] [main/ERROR]: No data fixer registered for deeperdarker:shriek_worm
[15:22:49] [main/INFO]: [rightclickharvest] Initializing VersionUtils
[15:22:49] [main/INFO]: [rightclickharvest] VersionUtils initialized successfully
[15:22:50] [main/INFO]: Successfully initialized antixray for fabric
[15:22:51] [main/INFO]: Registering C2S receiver with id artifacts:networking_channel/42a7ad70b1cc371599a0eff744096b8a
[15:22:51] [main/INFO]: Registering C2S receiver with id artifacts:networking_channel/74a5e841822a3a87854ae896a33430d6
[15:22:51] [main/INFO]: Registering C2S receiver with id artifacts:networking_channel/eb3d1e2748533430848cadf0f37c7e9c
[15:22:51] [main/INFO]: Registering C2S receiver with id artifacts:networking_channel/91c8520f19f93b3e8b6a727568e194ab
[15:22:51] [main/INFO]: Registering C2S receiver with id artifacts:networking_channel/8c2784d778293fd482ed84b8aa5fedb9
[15:22:51] [main/INFO]: Registering C2S receiver with id artifacts:networking_channel/ea038224ea783d40b2863f52239e2604
[15:22:51] [main/INFO]: Registering C2S receiver with id artifacts:networking_channel/97ad64b7ecaf33209991c4f031501a58
[15:22:51] [main/ERROR]: No data fixer registered for artifacts:mimic
[15:22:51] [main/INFO]: Initializing Backported-Wolves Config.
[15:22:51] [main/INFO]: backported_wolves registered wolf spawns successfully.
[15:22:51] [main/INFO]: Reflections took 47 ms to scan 1 urls, producing 1 keys and 2 values
[15:22:51] [main/INFO]: Reflections took 2 ms to scan 1 urls, producing 1 keys and 2 values
[15:22:51] [main/INFO]: Reflections took 3 ms to scan 1 urls, producing 1 keys and 3 values
[15:22:51] [main/INFO]: Reflections took 2 ms to scan 1 urls, producing 1 keys and 3 values
[15:22:51] [main/INFO]: Reflections took 1 ms to scan 1 urls, producing 1 keys and 2 values
[15:22:51] [main/INFO]: Reflections took 1 ms to scan 1 urls, producing 1 keys and 2 values
[15:22:51] [main/INFO]: Reflections took 1 ms to scan 1 urls, producing 1 keys and 1 values
[15:22:51] [main/INFO]: Reflections took 1 ms to scan 1 urls, producing 1 keys and 1 values
[15:22:51] [main/INFO]: Reflections took 1 ms to scan 1 urls, producing 1 keys and 3 values
[15:22:51] [main/INFO]: Reflections took 1 ms to scan 1 urls, producing 1 keys and 3 values
[15:22:51] [main/INFO]: Reflections took 2 ms to scan 1 urls, producing 1 keys and 2 values
[15:22:51] [main/INFO]: Reflections took 1 ms to scan 1 urls, producing 1 keys and 2 values
[15:22:51] [main/INFO]: Reflections took 1 ms to scan 1 urls, producing 1 keys and 1 values
[15:22:51] [main/INFO]: Reflections took 1 ms to scan 1 urls, producing 1 keys and 1 values
[15:22:51] [main/INFO]: Reflections took 2 ms to scan 1 urls, producing 1 keys and 2 values
[15:22:51] [main/INFO]: Reflections took 1 ms to scan 1 urls, producing 1 keys and 2 values
[15:22:51] [main/INFO]: Reflections took 1 ms to scan 1 urls, producing 1 keys and 1 values
[15:22:51] [main/INFO]: Reflections took 1 ms to scan 1 urls, producing 1 keys and 1 values
[15:22:51] [main/INFO]: Fixing MC-151457. Crafting remainder for minecraft:pufferfish_bucket is now minecraft:bucket.
[15:22:51] [main/INFO]: Fixing MC-151457. Crafting remainder for minecraft:salmon_bucket is now minecraft:bucket.
[15:22:51] [main/INFO]: Fixing MC-151457. Crafting remainder for minecraft:cod_bucket is now minecraft:bucket.
[15:22:51] [main/INFO]: Fixing MC-151457. Crafting remainder for minecraft:tropical_fish_bucket is now minecraft:bucket.
[15:22:51] [main/INFO]: Fixing MC-151457. Crafting remainder for minecraft:axolotl_bucket is now minecraft:bucket.
[15:22:51] [main/INFO]: Fixing MC-151457. Crafting remainder for minecraft:powder_snow_bucket is now minecraft:bucket.
[15:22:51] [main/INFO]: Fixing MC-151457. Crafting remainder for minecraft:tadpole_bucket is now minecraft:bucket.
[15:22:51] [main/INFO]: Loading Collective version 7.84.
[15:22:51] [main/INFO]: [STDOUT]: All 4 have been set properly
[15:22:51] [main/INFO]: [STDOUT]: Registered Mod Items for crab
[15:22:52] [main/ERROR]: No data fixer registered for jungle_creeper
[15:22:52] [main/ERROR]: No data fixer registered for bamboo_creeper
[15:22:52] [main/ERROR]: No data fixer registered for desert_creeper
[15:22:52] [main/ERROR]: No data fixer registered for badlands_creeper
[15:22:52] [main/ERROR]: No data fixer registered for hills_creeper
[15:22:52] [main/ERROR]: No data fixer registered for savannah_creeper
[15:22:52] [main/ERROR]: No data fixer registered for mushroom_creeper
[15:22:52] [main/ERROR]: No data fixer registered for swamp_creeper
[15:22:52] [main/ERROR]: No data fixer registered for dripstone_creeper
[15:22:52] [main/ERROR]: No data fixer registered for cave_creeper
[15:22:52] [main/ERROR]: No data fixer registered for dark_oak_creeper
[15:22:52] [main/ERROR]: No data fixer registered for spruce_creeper
[15:22:52] [main/ERROR]: No data fixer registered for beach_creeper
[15:22:52] [main/ERROR]: No data fixer registered for snowy_creeper
[15:22:52] [main/ERROR]: No data fixer registered for ocean_creeper
[15:22:52] [main/INFO]: Deserializing DDConfig from './config/deeperdarker.json5'
[15:22:52] [main/INFO]: Initializing DriedGhastMod
[15:22:52] [main/INFO]: Hello Fabric world!
[15:22:52] [main/INFO]: Constructing common components for easyanvils:main
[15:22:52] [Cicada thread 0/INFO]: [cicada] Hello, anyone there?
[15:22:52] [main/INFO]: Constructing common components for easymagic:main
[15:22:52] [main/INFO]: Constructing common components for easyshulkerboxes:main
[15:22:52] [main/INFO]: Mod loaded successfully
[15:22:52] [main/INFO]: ExpandAbility here, who dis?
[15:22:52] [main/INFO]: [FANCYMENU] Loading v3.2.3 in server-side mode on FABRIC!
[15:22:52] [main/INFO]: Registering Mod Items for gnomemod
[15:22:52] [main/INFO]: Registering Sounds for gnomemod
[15:22:53] [main/ERROR]: No data fixer registered for graveyard:reaper
[15:22:53] [main/ERROR]: No data fixer registered for graveyard:acolyte
[15:22:53] [main/ERROR]: No data fixer registered for graveyard:corrupted_vindicator
[15:22:53] [main/ERROR]: No data fixer registered for graveyard:corrupted_pillager
[15:22:53] [main/ERROR]: No data fixer registered for graveyard:skeleton_creeper
[15:22:53] [main/ERROR]: No data fixer registered for graveyard:falling_corpse
[15:22:53] [main/ERROR]: No data fixer registered for graveyard:ghoul
[15:22:53] [main/ERROR]: No data fixer registered for graveyard:revenant
[15:22:53] [main/ERROR]: No data fixer registered for graveyard:wraith
[15:22:53] [main/ERROR]: No data fixer registered for graveyard:nightmare
[15:22:53] [main/ERROR]: No data fixer registered for graveyard:ghouling
[15:22:53] [main/ERROR]: No data fixer registered for graveyard:lich
[15:22:53] [main/ERROR]: No data fixer registered for graveyard:skull
[15:22:53] [main/ERROR]: No data fixer registered for graveyard:nameless_hanged
[15:22:53] [main/INFO]: Registered JSON trade offer adapter.
[15:22:53] [main/INFO]: Constructing common components for hangglider:main
[15:22:53] [main/INFO]: [jamlib] Mod initialized!
[15:22:53] [main/INFO]: 1 Jupiter entrypoint(s) detected: jupiter:jupiter
[15:22:53] [main/ERROR]: Failed to load config: ./config/jupiter.json
java.io.FileNotFoundException: ./config/jupiter.json (No such file or directory)
	at java.io.FileInputStream.open0(Native Method) ~[?:?]
	at java.io.FileInputStream.open(FileInputStream.java:216) ~[?:?]
	at java.io.FileInputStream.<init>(FileInputStream.java:157) ~[?:?]
	at org.apache.commons.io.FileUtils.openInputStream(FileUtils.java:2388) ~[commons-io-2.11.0.jar:?]
	at org.apache.commons.io.FileUtils.readFileToString(FileUtils.java:2506) ~[commons-io-2.11.0.jar:?]
	at com.iafenvoy.jupiter.config.FileConfigContainer.load(FileConfigContainer.java:21) ~[Jupiter-0.5-fabric.jar:?]
	at com.iafenvoy.jupiter.malilib.config.ConfigManager.registerConfigHandler(ConfigManager.java:23) ~[Jupiter-0.5-fabric.jar:?]
	at com.iafenvoy.jupiter.malilib.config.ConfigManager.registerConfigHandler(ConfigManager.java:27) ~[Jupiter-0.5-fabric.jar:?]
	at com.iafenvoy.jupiter.test.TestConfigEntry.initializeCommonConfig(TestConfigEntry.java:19) ~[Jupiter-0.5-fabric.jar:?]
	at com.iafenvoy.jupiter.fabric.JupiterFabric.onInitialize(JupiterFabric.java:15) ~[Jupiter-0.5-fabric.jar:?]
	at net.fabricmc.loader.impl.FabricLoaderImpl.invokeEntrypoints(FabricLoaderImpl.java:399) ~[fabric-loader-0.16.9.jar:?]
	at net.fabricmc.loader.impl.game.minecraft.Hooks.startServer(Hooks.java:63) ~[fabric-loader-0.16.9.jar:?]
	at net.minecraft.server.Main.main(Main.java:112) ~[server-intermediary.jar:?]
	at net.fabricmc.loader.impl.game.minecraft.MinecraftGameProvider.launch(MinecraftGameProvider.java:480) ~[fabric-loader-0.16.9.jar:?]
	at net.fabricmc.loader.impl.launch.knot.Knot.launch(Knot.java:74) ~[fabric-loader-0.16.9.jar:?]
	at net.fabricmc.loader.impl.launch.knot.KnotServer.main(KnotServer.java:23) ~[fabric-loader-0.16.9.jar:?]
	at net.fabricmc.loader.impl.launch.server.FabricServerLauncher.main(FabricServerLauncher.java:69) ~[fabric-loader-0.16.9.jar:?]
	at net.fabricmc.installer.ServerLauncher.main(ServerLauncher.java:69) ~[fabric-server-launch.jar:1.0.1]
[15:22:53] [main/INFO]: [KONKRETE] Successfully initialized!
[15:22:53] [main/INFO]: [KONKRETE] Server-side libs ready to use!
[15:22:53] [main/INFO]: [MELODY] Disabling Melody since it's loaded server-side.
[15:22:53] [main/INFO]: Loading Noisium.
[15:22:53] [main/INFO]: Snakes are inherently funny
[15:22:53] [main/INFO]: Constructing common components for pickupnotifier:main
[15:22:54] [main/INFO]: Initializing PurecoppertoolsMod
[15:22:54] [main/INFO]: Constructing common components for puzzlesapi:iteminteractions
[15:22:54] [main/INFO]: Constructing common components for puzzlesapi:slotcycling
[15:22:54] [main/INFO]: Constructing common components for puzzlesapi:limitlesscontainers
[15:22:54] [main/INFO]: Constructing common components for puzzlesapi:statues
[15:22:54] [main/INFO]: Constructing common components for puzzleslib:main
[15:22:54] [main/INFO]: Reflections took 13 ms to scan 1 urls, producing 6 keys and 36 values
[15:22:54] [main/INFO]: Reflections took 10 ms to scan 1 urls, producing 6 keys and 36 values
[15:22:54] [main/INFO]: Registering Ribbit instruments...
[15:22:54] [main/INFO]: Registering Ribbit umbrella types...
[15:22:54] [main/INFO]: Registering Ribbit professions...
[15:22:54] [main/INFO]: Registering Ribbit data serializers...
[15:22:54] [main/INFO]: [jamlib] Registered config for rightclickharvest
[15:22:54] [main/INFO]: [rightclickharvest] Mod initialized!
[15:22:54] [main/INFO]: Registering C2S receiver with id roughlyenoughitems:request_tags_c2s
[15:22:54] [main/INFO]: [REI] Registered plugin provider DefaultPlugin [roughlyenoughitems] for REIPlugin
[15:22:54] [main/INFO]: [REI] Registered plugin provider DefaultRuntimePlugin [roughlyenoughitems] for REIPlugin
[15:22:54] [main/INFO]: [REI] Registered plugin provider REIServerCompat [sophisticatedbackpacks] for REIPlugin
[15:22:54] [main/INFO]: [REI] Registered plugin provider REIServerCompat [sophisticatedcore] for REIPlugin
[15:22:54] [main/INFO]: [REI] Registered plugin provider DefaultPlugin [roughlyenoughitems] for REIServerPlugin
[15:22:54] [main/INFO]: [REI] Registered plugin provider DefaultRuntimePlugin [roughlyenoughitems] for REIServerPlugin
[15:22:54] [main/INFO]: [REI] Registered plugin provider REIServerCompat [sophisticatedbackpacks] for REIServerPlugin
[15:22:54] [main/INFO]: [REI] Registered plugin provider REIServerCompat [sophisticatedcore] for REIServerPlugin
[15:22:54] [main/INFO]: [REI] Registered plugin provider FabricFluidAPISupportPlugin for REIServerPlugin
[15:22:54] [main/INFO]: [REI] Registered plugin provider FabricFluidAPISupportPlugin for REIPlugin
[15:22:54] [main/INFO]: Registering C2S receiver with id roughlyenoughitems:delete_item
[15:22:54] [main/INFO]: Registering C2S receiver with id roughlyenoughitems:create_item
[15:22:54] [main/INFO]: Registering C2S receiver with id roughlyenoughitems:create_item_grab
[15:22:54] [main/INFO]: Registering C2S receiver with id roughlyenoughitems:create_item_hotbar
[15:22:54] [main/INFO]: Registering C2S receiver with id roughlyenoughitems:move_items
[15:22:54] [main/INFO]: Registering C2S receiver with id roughlyenoughitems:move_items_new
[15:22:55] [main/ERROR]: No data fixer registered for battlestandard
[15:22:55] [main/ERROR]: No data fixer registered for battlestandarddark
[15:22:55] [main/ERROR]: No data fixer registered for simplyswords:simplybeeentity
[15:22:55] [main/INFO]: [STDOUT]: /workspaces/SKIBIDICHAMOS/servidor_minecraft/config
[15:22:55] [main/INFO]: Loading SnufflesConfig...
[15:22:55] [main/ERROR]: No data fixer registered for 
[15:22:55] [main/INFO]: Reading config values from file.
[15:22:56] [main/INFO]: !?
[15:22:56] [main/INFO]: Registering Mod Items for torchesntrinkets
[15:22:56] [main/INFO]: Registering Item Groups fortorchesntrinkets
[15:22:56] [main/INFO]: [STDOUT]: Initialize WeaponMaster
[15:22:56] [main/INFO]: Reflections took 2 ms to scan 1 urls, producing 1 keys and 4 values
[15:22:56] [main/INFO]: Reflections took 2 ms to scan 1 urls, producing 1 keys and 4 values
[15:22:56] [main/INFO]: Reflections took 18 ms to scan 1 urls, producing 1 keys and 2 values
[15:22:56] [main/INFO]: Reflections took 1 ms to scan 1 urls, producing 1 keys and 2 values
[15:22:56] [main/INFO]: Reflections took 1 ms to scan 1 urls, producing 1 keys and 2 values
[15:22:56] [main/INFO]: Reflections took 0 ms to scan 1 urls, producing 1 keys and 2 values
[15:22:56] [main/INFO]: Initialized block sets in 12ms
[15:22:56] [main/INFO]: Loaded config sawmill-common.json
[15:22:56] [main/INFO]: Initialized color sets in 35ms
[15:22:56] [main/INFO]: Loading Xaero's Minimap - Stage 1/2 (Server)
[15:22:56] [main/INFO]: Loading Xaero's World Map - Stage 1/2 (Server)
[15:22:56] [main/INFO]: Environment: authHost='https://authserver.mojang.com', accountsHost='https://api.mojang.com', sessionHost='https://sessionserver.mojang.com', servicesHost='https://api.minecraftservices.com', name='PROD'
[15:22:59] [main/INFO]: [fabric-registry-sync] Loaded registry data [file 1/4]
[15:23:00] [Worker-Main-3/ERROR]: Couldn't load tag frozenlib:dont_emit_use_game_events as it is missing following references: deeperdarker:transmitter (from fabric)
[15:23:01] [main/INFO]: Intercepted tag results
[15:23:04] [main/INFO]: Generating Sawmill Recipes
[15:23:04] [main/INFO]: Generated Sawmill recipes in 70 milliseconds
[15:23:04] [main/INFO]: Loaded 9 recipes
[15:23:04] [main/ERROR]: Failed to load function watching:check
java.util.concurrent.CompletionException: java.lang.IllegalArgumentException: Whilst parsing command on line 1: command.unknown.command at position 0: <--[HERE]
	at java.util.concurrent.CompletableFuture.encodeThrowable(CompletableFuture.java:315) ~[?:?]
	at java.util.concurrent.CompletableFuture.completeThrowable(CompletableFuture.java:320) ~[?:?]
	at java.util.concurrent.CompletableFuture$AsyncSupply.run(CompletableFuture.java:1770) ~[?:?]
	at java.util.concurrent.CompletableFuture$AsyncSupply.exec(CompletableFuture.java:1760) ~[?:?]
	at java.util.concurrent.ForkJoinTask.doExec(ForkJoinTask.java:373) ~[?:?]
	at java.util.concurrent.ForkJoinPool$WorkQueue.topLevelExec(ForkJoinPool.java:1182) ~[?:?]
	at java.util.concurrent.ForkJoinPool.scan(ForkJoinPool.java:1655) ~[?:?]
	at java.util.concurrent.ForkJoinPool.runWorker(ForkJoinPool.java:1622) ~[?:?]
	at java.util.concurrent.ForkJoinWorkerThread.run(ForkJoinWorkerThread.java:165) ~[?:?]
Caused by: java.lang.IllegalArgumentException: Whilst parsing command on line 1: command.unknown.command at position 0: <--[HERE]
	at net.minecraft.class_2158.method_9195(class_2158.java:63) ~[server-intermediary.jar:?]
	at net.minecraft.class_5349.method_29451(class_5349.java:83) ~[server-intermediary.jar:?]
	at java.util.concurrent.CompletableFuture$AsyncSupply.run(CompletableFuture.java:1768) ~[?:?]
	... 6 more
[15:23:04] [main/INFO]: Loaded 2810 advancements
[15:23:04] [main/INFO]: Loading exposure lenses:
[15:23:04] [main/INFO]: Lens [exposure:spyglass, FocalRange[min=55, max=200]] added.
[15:23:04] [main/INFO]: [REI] ########################################
[15:23:04] [main/INFO]: [REI] REIPlugin starting main-reload for START.
[15:23:04] [main/INFO]: [REI] Plugins (5):
[15:23:04] [main/INFO]: [REI]  - (-100.00) DefaultPlugin of DefaultPlugin [roughlyenoughitems]
[15:23:04] [main/INFO]: [REI]  - (0.00) FabricFluidAPISupportPlugin
[15:23:04] [main/INFO]: [REI]  - (0.00) REIServerCompat of REIServerCompat [sophisticatedcore]
[15:23:04] [main/INFO]: [REI]  - (0.00) REIServerCompat of REIServerCompat [sophisticatedbackpacks]
[15:23:04] [main/INFO]: [REI]  - (0.00) DefaultRuntimePlugin of DefaultRuntimePlugin [roughlyenoughitems]
[15:23:04] [main/INFO]: [REI] ########################################
[15:23:04] [main/INFO]: [REI] ++++++++++++++++++++++++++++++++++++++++
[15:23:04] [main/INFO]: [REI] REIServerPlugin starting main-reload for START.
[15:23:04] [main/INFO]: [REI] Plugins (5):
[15:23:04] [main/INFO]: [REI]  - (-100.00) DefaultPlugin of DefaultPlugin [roughlyenoughitems]
[15:23:04] [main/INFO]: [REI]  - (0.00) FabricFluidAPISupportPlugin
[15:23:04] [main/INFO]: [REI]  - (0.00) REIServerCompat of REIServerCompat [sophisticatedcore]
[15:23:04] [main/INFO]: [REI]  - (0.00) REIServerCompat of REIServerCompat [sophisticatedbackpacks]
[15:23:04] [main/INFO]: [REI]  - (0.00) DefaultRuntimePlugin of DefaultRuntimePlugin [roughlyenoughitems]
[15:23:04] [main/INFO]: [REI] ++++++++++++++++++++++++++++++++++++++++
[15:23:04] [main/INFO]: [REI] REIPlugin finished post-reload for START in 2.121 ms, totaling 32.73 ms.
[15:23:04] [main/INFO]: [REI] REIServerPlugin finished post-reload for START in 726.1 μs, totaling 5.329 ms.
[15:23:04] [main/INFO]: [REI] ----------------------------------------
[15:23:04] [main/INFO]: [REI] REIPlugin starting main-reload for END.
[15:23:04] [main/INFO]: [REI] Plugins (5):
[15:23:04] [main/INFO]: [REI]  - (-100.00) DefaultPlugin of DefaultPlugin [roughlyenoughitems]
[15:23:04] [main/INFO]: [REI]  - (0.00) FabricFluidAPISupportPlugin
[15:23:04] [main/INFO]: [REI]  - (0.00) REIServerCompat of REIServerCompat [sophisticatedcore]
[15:23:04] [main/INFO]: [REI]  - (0.00) REIServerCompat of REIServerCompat [sophisticatedbackpacks]
[15:23:04] [main/INFO]: [REI]  - (0.00) DefaultRuntimePlugin of DefaultRuntimePlugin [roughlyenoughitems]
[15:23:04] [main/INFO]: [REI] ----------------------------------------
[15:23:04] [main/INFO]: [REI] OOOOOOOOOOOOOOOOOOOOOOOOOOOOOOOOOOOOOOOO
[15:23:04] [main/INFO]: [REI] REIServerPlugin starting main-reload for END.
[15:23:04] [main/INFO]: [REI] Plugins (5):
[15:23:04] [main/INFO]: [REI]  - (-100.00) DefaultPlugin of DefaultPlugin [roughlyenoughitems]
[15:23:04] [main/INFO]: [REI]  - (0.00) FabricFluidAPISupportPlugin
[15:23:04] [main/INFO]: [REI]  - (0.00) REIServerCompat of REIServerCompat [sophisticatedcore]
[15:23:04] [main/INFO]: [REI]  - (0.00) REIServerCompat of REIServerCompat [sophisticatedbackpacks]
[15:23:04] [main/INFO]: [REI]  - (0.00) DefaultRuntimePlugin of DefaultRuntimePlugin [roughlyenoughitems]
[15:23:04] [main/INFO]: [REI] OOOOOOOOOOOOOOOOOOOOOOOOOOOOOOOOOOOOOOOO
[15:23:04] [main/INFO]: [REI] REIPlugin finished post-reload for END in 1.145 ms, totaling 30.44 ms.
[15:23:04] [main/INFO]: [REI] REIServerPlugin finished post-reload for END in 749.8 μs, totaling 7.702 ms.
[15:23:04] [ForkJoinPool.commonPool-worker-1/INFO]: Loaded 58 translation keys
[15:23:06] [main/INFO]: Applied 12 data villager trades
[15:23:06] [main/INFO]: Applied 3160 biome modifications to 185 of 185 new biomes in 69.67 ms
[15:23:06] [Server thread/INFO]: Loading server config for easyanvils
[15:23:06] [Server thread/INFO]: Loading server config for easymagic
[15:23:06] [Thread-2/INFO]: Reloading server config for easyanvils
[15:23:06] [Thread-2/INFO]: Reloading server config for easyanvils
[15:23:06] [Thread-2/INFO]: Reloading server config for easymagic
[15:23:06] [Server thread/INFO]: Loading server config for hangglider
[15:23:06] [Thread-2/INFO]: Reloading server config for hangglider
[15:23:06] [Server thread/INFO]: Loading server config for pickupnotifier
[15:23:06] [Thread-2/INFO]: Reloading server config for hangglider
[15:23:06] [Server thread/INFO]: Loading server config for puzzlesapi
[15:23:06] [Thread-2/INFO]: Reloading server config for puzzlesapi
[15:23:06] [Thread-2/INFO]: Reloading server config for puzzlesapi
[15:23:07] [Server thread/INFO]: Injecting Carpenter Village Houses
[15:23:07] [Server thread/INFO]: Starting minecraft server version 1.20.1
[15:23:07] [Server thread/INFO]: Loading properties
[15:23:07] [Server thread/INFO]: Default game type: SURVIVAL
[15:23:07] [Server thread/INFO]: Generating keypair
[15:23:07] [Server thread/INFO]: Starting Minecraft server on *:25565
[15:23:07] [Server thread/INFO]: Using epoll channel type
[15:23:07] [Server thread/WARN]: **** SERVER IS RUNNING IN OFFLINE/INSECURE MODE!
[15:23:07] [Server thread/WARN]: The server will make no attempt to authenticate usernames. Beware.
[15:23:07] [Server thread/WARN]: While this makes the game possible to play without internet access, it also opens up the ability for hackers to connect with any username they choose.
[15:23:07] [Server thread/WARN]: To change this, set "online-mode" to "true" in the server.properties file.
[15:23:07] [Server thread/INFO]: Preparing level "world"
[15:23:07] [Server thread/INFO]: Enforcing safe world random access
[15:23:26] [Server thread/INFO]: Preparing start region for dimension minecraft:overworld
[15:23:26] [Worker-Main-1/INFO]: menu.preparingSpawn
[15:23:26] [Worker-Main-1/INFO]: menu.preparingSpawn
[15:23:27] [Server thread/INFO]: menu.preparingSpawn
[15:23:27] [Worker-Main-1/INFO]: menu.preparingSpawn
[15:23:28] [Worker-Main-2/INFO]: menu.preparingSpawn
[15:23:28] [Worker-Main-3/INFO]: menu.preparingSpawn
[15:23:29] [Worker-Main-3/INFO]: menu.preparingSpawn
[15:23:29] [Worker-Main-2/INFO]: menu.preparingSpawn
[15:23:30] [Worker-Main-3/INFO]: menu.preparingSpawn
[15:23:30] [Worker-Main-1/INFO]: menu.preparingSpawn
[15:23:31] [Worker-Main-3/INFO]: menu.preparingSpawn
[15:23:31] [Worker-Main-2/INFO]: menu.preparingSpawn
[15:23:32] [Worker-Main-2/INFO]: menu.preparingSpawn
[15:23:32] [Worker-Main-1/INFO]: menu.preparingSpawn
[15:23:33] [Server thread/INFO]: Time elapsed: 6998 ms
[15:23:33] [Server thread/INFO]: Done (25.654s)! For help, type "help"
[15:23:33] [Server thread/INFO]: UDP server is started on /[0:0:0:0:0:0:0:0]:25565
[15:23:33] [Server thread/INFO]: Loaded values for 31 compatible attributes.
[15:23:33] [Server thread/INFO]: Loaded 31 values from config.
[15:23:33] [Server thread/INFO]: Saving config file. 31 entries.
[15:23:33] [Server thread/INFO]: Applying changes for 31 attributes.
[15:23:33] [Server thread/INFO]: Loading Xaero's Minimap - Stage 2/2 (Server)
[15:23:33] [Server thread/INFO]: Loading Xaero's World Map - Stage 2/2 (Server)
[15:23:33] [Server thread/INFO]: com.mojang.authlib.GameProfile@dba5baf[id=<null>,name=IloveyouValeria,properties={},legacy=false] (/127.43.129.237:51021) lost connection: multiplayer.disconnect.generic
[15:24:06] [Server thread/INFO]: cat122112[/127.228.203.211:45889] logged in with entity id 496 at (781.3697990784356, 129.0, 568.9822298867991)
[15:24:06] [Server thread/INFO]: multiplayer.player.joined
[15:24:08] [Server thread/WARN]: Can't keep up! Is the server overloaded? Running 2322ms or 46 ticks behind
[15:24:09] [Server thread/INFO]: IloveyouValeria[/127.43.129.237:41531] logged in with entity id 579 at (783.5798576077906, 130.0, 566.8121460582289)
[15:24:09] [Server thread/INFO]: multiplayer.player.joined
[15:24:54] [ForkJoinPool.commonPool-worker-2/WARN]: Failed to fetch skin: not found
[15:24:55] [Server thread/INFO]: IloveStiven_[/127.130.169.114:33175] logged in with entity id 852 at (775.4157821135022, 129.41999998688698, 575.0331173694809)
[15:24:55] [Server thread/INFO]: multiplayer.player.joined
[15:25:32] [Server thread/INFO]: minecraft:husk
[15:27:41] [Server thread/WARN]: Can't keep up! Is the server overloaded? Running 4818ms or 96 ticks behind
[15:27:49] [Server thread/INFO]: minecraft:glow_squid
[15:32:09] [Server thread/INFO]: minecraft:glow_squid
[15:32:26] [Server thread/INFO]: minecraft:glow_squid
[15:32:26] [Server thread/INFO]: chat.type.advancement.task
